<?xml version="1.0" encoding="UTF-8"?>
<!-- Generated by org.testng.reporters.JUnitReportReporter -->
<testsuite skipped="0" hostname="DESKTOP-6AJ6795" name="admilPanelTestCase.frontofficpagetest" tests="1" failures="0" timestamp="30 Jun 2021 06:32:46 GMT" time="17.617" errors="0">
  <testcase name="front_office" time="17.617" classname="admilPanelTestCase.frontofficpagetest"/>
</testsuite> <!-- admilPanelTestCase.frontofficpagetest -->
