<?xml version="1.0" encoding="UTF-8"?>
<!-- Generated by org.testng.reporters.JUnitReportReporter -->
<testsuite skipped="0" hostname="DESKTOP-6AJ6795" name="admilPanelTestCase.logintest" tests="3" failures="0" timestamp="30 Jun 2021 06:32:46 GMT" time="104.370" errors="0">
  <testcase name="verifylogo" time="22.216" classname="admilPanelTestCase.logintest"/>
  <testcase name="login" time="66.862" classname="admilPanelTestCase.logintest"/>
  <testcase name="verfytitle" time="15.292" classname="admilPanelTestCase.logintest"/>
</testsuite> <!-- admilPanelTestCase.logintest -->
