<?xml version="1.0" encoding="UTF-8"?>
<!-- Generated by org.testng.reporters.JUnitReportReporter -->
<testsuite skipped="0" hostname="DESKTOP-6AJ6795" name="admilPanelTestCase.dashboardtest" tests="2" failures="0" timestamp="30 Jun 2021 06:32:46 GMT" time="99.029" errors="0">
  <testcase name="verifyprofileName" time="42.212" classname="admilPanelTestCase.dashboardtest"/>
  <testcase name="clickfrontoffice" time="56.817" classname="admilPanelTestCase.dashboardtest"/>
</testsuite> <!-- admilPanelTestCase.dashboardtest -->
