<?xml version="1.0" encoding="UTF-8"?>
<!-- Generated by org.testng.reporters.JUnitReportReporter -->
<testsuite skipped="0" hostname="DESKTOP-6AJ6795" name="admilPanelTestCase.visitorbooktest" tests="1" failures="0" timestamp="01 Jul 2021 02:01:37 GMT" time="109.897" errors="0">
  <testcase name="verifypageVistList" time="109.897" classname="admilPanelTestCase.visitorbooktest"/>
</testsuite> <!-- admilPanelTestCase.visitorbooktest -->
